<?xml version="1.0" encoding="UTF-8"?>
<testsuites>
  <testsuite name="" tests="2" assertions="2" errors="0" failures="0" skipped="0" time="0.312720">
    <testsuite name="Unit" tests="1" assertions="1" errors="0" failures="0" skipped="0" time="0.139991">
      <testsuite name="Tests\Unit\ExampleTest" file="C:\xampp2\htdocs\laravel-5.7-task-app\tests\Unit\ExampleTest.php" tests="1" assertions="1" errors="0" failures="0" skipped="0" time="0.139991">
        <testcase name="testBasicTest" class="Tests\Unit\ExampleTest" classname="Tests.Unit.ExampleTest" file="C:\xampp2\htdocs\laravel-5.7-task-app\tests\Unit\ExampleTest.php" line="15" assertions="1" time="0.139991"/>
      </testsuite>
    </testsuite>
    <testsuite name="Feature" tests="1" assertions="1" errors="0" failures="0" skipped="0" time="0.172729">
      <testsuite name="Tests\Feature\ExampleTest" file="C:\xampp2\htdocs\laravel-5.7-task-app\tests\Feature\ExampleTest.php" tests="1" assertions="1" errors="0" failures="0" skipped="0" time="0.172729">
        <testcase name="testBasicTest" class="Tests\Feature\ExampleTest" classname="Tests.Feature.ExampleTest" file="C:\xampp2\htdocs\laravel-5.7-task-app\tests\Feature\ExampleTest.php" line="15" assertions="1" time="0.172729"/>
      </testsuite>
    </testsuite>
  </testsuite>
</testsuites>
